Start testing: May 03 01:31 CEST
----------------------------------------------------------
1/2 Testing: TutorialRuns
1/2 Test: TutorialRuns
Command: "/Volumes/Work/Learn/Playground.Cpp/GettingStartedWithCMake/2.cmake-tutorial/build/Tutorial" "25"
Directory: /Volumes/Work/Learn/Playground.Cpp/GettingStartedWithCMake/2.cmake-tutorial/build
"TutorialRuns" start time: May 03 01:31 CEST
Output:
----------------------------------------------------------
The square root of 25 is 5
<end of output>
Test time =   0.00 sec
----------------------------------------------------------
Test Passed.
"TutorialRuns" end time: May 03 01:31 CEST
"TutorialRuns" time elapsed: 00:00:00
----------------------------------------------------------

2/2 Testing: TutorialComp25
2/2 Test: TutorialComp25
Command: "/Volumes/Work/Learn/Playground.Cpp/GettingStartedWithCMake/2.cmake-tutorial/build/Tutorial" "25"
Directory: /Volumes/Work/Learn/Playground.Cpp/GettingStartedWithCMake/2.cmake-tutorial/build
"TutorialComp25" start time: May 03 01:31 CEST
Output:
----------------------------------------------------------
The square root of 25 is 5
<end of output>
Test time =   0.00 sec
----------------------------------------------------------
Test Pass Reason:
Required regular expression found.Regex=[25 is 5
]
"TutorialComp25" end time: May 03 01:31 CEST
"TutorialComp25" time elapsed: 00:00:00
----------------------------------------------------------

End testing: May 03 01:31 CEST
